2020-08-29 13:35:03.268  INFO 18104 --- [main] a.b.notificator.NotificatorApplication   : Starting NotificatorApplication on RubenMan-LAPT with PID 18104 (C:\Users\ruben.manukyan\IdeaProjects\basic\notificator\target\classes started by ruben.manukyan in C:\Users\ruben.manukyan\IdeaProjects\basic\notificator)
2020-08-29 13:35:03.273  INFO 18104 --- [main] a.b.notificator.NotificatorApplication   : No active profile set, falling back to default profiles: default
2020-08-29 13:35:04.559  INFO 18104 --- [main] .s.d.r.c.RepositoryConfigurationDelegate : Bootstrapping Spring Data JPA repositories in DEFERRED mode.
2020-08-29 13:35:04.761  INFO 18104 --- [main] .s.d.r.c.RepositoryConfigurationDelegate : Finished Spring Data repository scanning in 142ms. Found 3 JPA repository interfaces.
2020-08-29 13:35:06.049  INFO 18104 --- [main] trationDelegate$BeanPostProcessorChecker : Bean 'org.springframework.security.access.expression.method.DefaultMethodSecurityExpressionHandler@7d0332e1' of type [org.springframework.security.access.expression.method.DefaultMethodSecurityExpressionHandler] is not eligible for getting processed by all BeanPostProcessors (for example: not eligible for auto-proxying)
2020-08-29 13:35:06.084  INFO 18104 --- [main] trationDelegate$BeanPostProcessorChecker : Bean 'methodSecurityMetadataSource' of type [org.springframework.security.access.method.DelegatingMethodSecurityMetadataSource] is not eligible for getting processed by all BeanPostProcessors (for example: not eligible for auto-proxying)
2020-08-29 13:35:07.729  INFO 18104 --- [main] o.s.b.w.embedded.tomcat.TomcatWebServer  : Tomcat initialized with port(s): 8080 (http)
2020-08-29 13:35:07.750  INFO 18104 --- [main] o.apache.catalina.core.StandardService   : Starting service [Tomcat]
2020-08-29 13:35:07.751  INFO 18104 --- [main] org.apache.catalina.core.StandardEngine  : Starting Servlet engine: [Apache Tomcat/9.0.37]
2020-08-29 13:35:08.689  INFO 18104 --- [main] o.a.c.c.C.[Tomcat].[localhost].[/]       : Initializing Spring embedded WebApplicationContext
2020-08-29 13:35:08.690  INFO 18104 --- [main] w.s.c.ServletWebServerApplicationContext : Root WebApplicationContext: initialization completed in 5332 ms
2020-08-29 13:35:09.233  INFO 18104 --- [main] o.s.s.concurrent.ThreadPoolTaskExecutor  : Initializing ExecutorService 'applicationTaskExecutor'
2020-08-29 13:35:09.318  INFO 18104 --- [task-1] o.hibernate.jpa.internal.util.LogHelper  : HHH000204: Processing PersistenceUnitInfo [name: default]
2020-08-29 13:35:09.380  WARN 18104 --- [main] JpaBaseConfiguration$JpaWebConfiguration : spring.jpa.open-in-view is enabled by default. Therefore, database queries may be performed during view rendering. Explicitly configure spring.jpa.open-in-view to disable this warning
2020-08-29 13:35:09.442  INFO 18104 --- [task-1] org.hibernate.Version                    : HHH000412: Hibernate ORM core version 5.4.20.Final
2020-08-29 13:35:09.725  INFO 18104 --- [task-1] o.hibernate.annotations.common.Version   : HCANN000001: Hibernate Commons Annotations {5.1.0.Final}
2020-08-29 13:35:10.081  INFO 18104 --- [task-1] com.zaxxer.hikari.HikariDataSource       : HikariPool-1 - Starting...
2020-08-29 13:35:10.237  INFO 18104 --- [main] o.s.s.web.DefaultSecurityFilterChain     : Creating filter chain: Ant [pattern='/api/**'], [org.springframework.security.web.context.request.async.WebAsyncManagerIntegrationFilter@6a094db2, org.springframework.security.web.context.SecurityContextPersistenceFilter@4068102e, org.springframework.security.web.header.HeaderWriterFilter@2b2f5fcf, org.springframework.security.web.authentication.logout.LogoutFilter@644ded04, org.springframework.security.oauth2.provider.authentication.OAuth2AuthenticationProcessingFilter@73c9e8e8, org.springframework.security.web.savedrequest.RequestCacheAwareFilter@6c008c24, org.springframework.security.web.servletapi.SecurityContextHolderAwareRequestFilter@472a11ae, org.springframework.security.web.authentication.AnonymousAuthenticationFilter@65bdd558, org.springframework.security.web.session.SessionManagementFilter@1a865273, org.springframework.security.web.access.ExceptionTranslationFilter@5ec4ff02, org.springframework.security.web.access.intercept.FilterSecurityInterceptor@767191b1]
2020-08-29 13:35:10.252  INFO 18104 --- [main] o.s.s.web.DefaultSecurityFilterChain     : Creating filter chain: Ant [pattern='/interconnect/**'], [org.springframework.security.web.context.request.async.WebAsyncManagerIntegrationFilter@5fa23c, org.springframework.security.web.context.SecurityContextPersistenceFilter@1e58512c, org.springframework.security.web.header.HeaderWriterFilter@508a65bf, org.springframework.security.web.authentication.logout.LogoutFilter@5d43409a, org.springframework.security.web.authentication.www.BasicAuthenticationFilter@7b6860f9, org.springframework.security.web.savedrequest.RequestCacheAwareFilter@210308d5, org.springframework.security.web.servletapi.SecurityContextHolderAwareRequestFilter@22a736d7, org.springframework.security.web.authentication.AnonymousAuthenticationFilter@558756be, org.springframework.security.web.session.SessionManagementFilter@17f2dd85, org.springframework.security.web.access.ExceptionTranslationFilter@3d904e9c, org.springframework.security.web.access.intercept.FilterSecurityInterceptor@6069dd38]
2020-08-29 13:35:10.297  INFO 18104 --- [task-1] com.zaxxer.hikari.HikariDataSource       : HikariPool-1 - Start completed.
2020-08-29 13:35:10.326  INFO 18104 --- [task-1] org.hibernate.dialect.Dialect            : HHH000400: Using dialect: org.hibernate.dialect.MySQL57Dialect
2020-08-29 13:35:10.849  INFO 18104 --- [main] o.s.b.w.embedded.tomcat.TomcatWebServer  : Tomcat started on port(s): 8080 (http) with context path ''
2020-08-29 13:35:10.851  INFO 18104 --- [main] DeferredRepositoryInitializationListener : Triggering deferred initialization of Spring Data repositories…
2020-08-29 13:35:11.675  INFO 18104 --- [task-1] o.h.e.t.j.p.i.JtaPlatformInitiator       : HHH000490: Using JtaPlatform implementation: [org.hibernate.engine.transaction.jta.platform.internal.NoJtaPlatform]
2020-08-29 13:35:11.686  INFO 18104 --- [task-1] j.LocalContainerEntityManagerFactoryBean : Initialized JPA EntityManagerFactory for persistence unit 'default'
2020-08-29 13:35:12.140  INFO 18104 --- [main] DeferredRepositoryInitializationListener : Spring Data repositories initialized!
2020-08-29 13:35:12.157  INFO 18104 --- [main] a.b.notificator.NotificatorApplication   : Started NotificatorApplication in 9.624 seconds (JVM running for 11.212)
2020-08-29 13:37:33.239  INFO 9380 --- [main] a.b.notificator.NotificatorApplication   : Starting NotificatorApplication on RubenMan-LAPT with PID 9380 (C:\Users\ruben.manukyan\IdeaProjects\basic\notificator\target\classes started by ruben.manukyan in C:\Users\ruben.manukyan\IdeaProjects\basic\notificator)
2020-08-29 13:37:33.244  INFO 9380 --- [main] a.b.notificator.NotificatorApplication   : No active profile set, falling back to default profiles: default
2020-08-29 13:37:34.705  INFO 9380 --- [main] .s.d.r.c.RepositoryConfigurationDelegate : Bootstrapping Spring Data JPA repositories in DEFERRED mode.
2020-08-29 13:37:34.875  INFO 9380 --- [main] .s.d.r.c.RepositoryConfigurationDelegate : Finished Spring Data repository scanning in 157ms. Found 3 JPA repository interfaces.
2020-08-29 13:37:35.370  INFO 9380 --- [main] trationDelegate$BeanPostProcessorChecker : Bean 'org.springframework.security.access.expression.method.DefaultMethodSecurityExpressionHandler@430fa4ef' of type [org.springframework.security.access.expression.method.DefaultMethodSecurityExpressionHandler] is not eligible for getting processed by all BeanPostProcessors (for example: not eligible for auto-proxying)
2020-08-29 13:37:35.380  INFO 9380 --- [main] trationDelegate$BeanPostProcessorChecker : Bean 'methodSecurityMetadataSource' of type [org.springframework.security.access.method.DelegatingMethodSecurityMetadataSource] is not eligible for getting processed by all BeanPostProcessors (for example: not eligible for auto-proxying)
2020-08-29 13:37:35.720  INFO 9380 --- [main] o.s.b.w.embedded.tomcat.TomcatWebServer  : Tomcat initialized with port(s): 8080 (http)
2020-08-29 13:37:35.737  INFO 9380 --- [main] o.apache.catalina.core.StandardService   : Starting service [Tomcat]
2020-08-29 13:37:35.738  INFO 9380 --- [main] org.apache.catalina.core.StandardEngine  : Starting Servlet engine: [Apache Tomcat/9.0.37]
2020-08-29 13:37:35.922  INFO 9380 --- [main] o.a.c.c.C.[Tomcat].[localhost].[/]       : Initializing Spring embedded WebApplicationContext
2020-08-29 13:37:35.923  INFO 9380 --- [main] w.s.c.ServletWebServerApplicationContext : Root WebApplicationContext: initialization completed in 2605 ms
2020-08-29 13:37:36.184  INFO 9380 --- [main] o.s.s.concurrent.ThreadPoolTaskExecutor  : Initializing ExecutorService 'applicationTaskExecutor'
2020-08-29 13:37:36.245  INFO 9380 --- [task-1] o.hibernate.jpa.internal.util.LogHelper  : HHH000204: Processing PersistenceUnitInfo [name: default]
2020-08-29 13:37:36.296  WARN 9380 --- [main] JpaBaseConfiguration$JpaWebConfiguration : spring.jpa.open-in-view is enabled by default. Therefore, database queries may be performed during view rendering. Explicitly configure spring.jpa.open-in-view to disable this warning
2020-08-29 13:37:36.319  INFO 9380 --- [task-1] org.hibernate.Version                    : HHH000412: Hibernate ORM core version 5.4.20.Final
2020-08-29 13:37:36.536  INFO 9380 --- [task-1] o.hibernate.annotations.common.Version   : HCANN000001: Hibernate Commons Annotations {5.1.0.Final}
2020-08-29 13:37:36.839  INFO 9380 --- [task-1] com.zaxxer.hikari.HikariDataSource       : HikariPool-1 - Starting...
2020-08-29 13:37:37.013  INFO 9380 --- [main] o.s.s.web.DefaultSecurityFilterChain     : Creating filter chain: Ant [pattern='/api/**'], [org.springframework.security.web.context.request.async.WebAsyncManagerIntegrationFilter@1b1f5012, org.springframework.security.web.context.SecurityContextPersistenceFilter@4ee5b2d9, org.springframework.security.web.header.HeaderWriterFilter@36417a54, org.springframework.security.web.authentication.logout.LogoutFilter@73c9e8e8, org.springframework.security.oauth2.provider.authentication.OAuth2AuthenticationProcessingFilter@5bc7e78e, org.springframework.security.web.savedrequest.RequestCacheAwareFilter@323f3c96, org.springframework.security.web.servletapi.SecurityContextHolderAwareRequestFilter@644ded04, org.springframework.security.web.authentication.AnonymousAuthenticationFilter@7add323c, org.springframework.security.web.session.SessionManagementFilter@fd9ebde, org.springframework.security.web.access.ExceptionTranslationFilter@fcc6023, org.springframework.security.web.access.intercept.FilterSecurityInterceptor@5e1d03d7]
2020-08-29 13:37:37.014  INFO 9380 --- [task-1] com.zaxxer.hikari.HikariDataSource       : HikariPool-1 - Start completed.
2020-08-29 13:37:37.029  INFO 9380 --- [main] o.s.s.web.DefaultSecurityFilterChain     : Creating filter chain: Ant [pattern='/interconnect/**'], [org.springframework.security.web.context.request.async.WebAsyncManagerIntegrationFilter@75ae4a1f, org.springframework.security.web.context.SecurityContextPersistenceFilter@262816a8, org.springframework.security.web.header.HeaderWriterFilter@60f70249, org.springframework.security.web.authentication.logout.LogoutFilter@558756be, org.springframework.security.web.authentication.www.BasicAuthenticationFilter@2f236de0, org.springframework.security.web.savedrequest.RequestCacheAwareFilter@1effd53c, org.springframework.security.web.servletapi.SecurityContextHolderAwareRequestFilter@46c269e0, org.springframework.security.web.authentication.AnonymousAuthenticationFilter@70228253, org.springframework.security.web.session.SessionManagementFilter@31ee2fdb, org.springframework.security.web.access.ExceptionTranslationFilter@7b6860f9, org.springframework.security.web.access.intercept.FilterSecurityInterceptor@9596ce8]
2020-08-29 13:37:37.034  INFO 9380 --- [task-1] org.hibernate.dialect.Dialect            : HHH000400: Using dialect: org.hibernate.dialect.MySQL57Dialect
2020-08-29 13:37:37.577  INFO 9380 --- [main] o.s.b.w.embedded.tomcat.TomcatWebServer  : Tomcat started on port(s): 8080 (http) with context path ''
2020-08-29 13:37:37.580  INFO 9380 --- [main] DeferredRepositoryInitializationListener : Triggering deferred initialization of Spring Data repositories…
2020-08-29 13:37:38.329  INFO 9380 --- [task-1] o.h.e.t.j.p.i.JtaPlatformInitiator       : HHH000490: Using JtaPlatform implementation: [org.hibernate.engine.transaction.jta.platform.internal.NoJtaPlatform]
2020-08-29 13:37:38.340  INFO 9380 --- [task-1] j.LocalContainerEntityManagerFactoryBean : Initialized JPA EntityManagerFactory for persistence unit 'default'
2020-08-29 13:37:38.787  INFO 9380 --- [main] DeferredRepositoryInitializationListener : Spring Data repositories initialized!
2020-08-29 13:37:38.800  INFO 9380 --- [main] a.b.notificator.NotificatorApplication   : Started NotificatorApplication in 6.674 seconds (JVM running for 8.293)
2020-08-29 13:39:56.020  INFO 9380 --- [http-nio-8080-exec-1] o.a.c.c.C.[Tomcat].[localhost].[/]       : Initializing Spring DispatcherServlet 'dispatcherServlet'
2020-08-29 13:39:56.021  INFO 9380 --- [http-nio-8080-exec-1] o.s.web.servlet.DispatcherServlet        : Initializing Servlet 'dispatcherServlet'
2020-08-29 13:39:56.032  INFO 9380 --- [http-nio-8080-exec-1] o.s.web.servlet.DispatcherServlet        : Completed initialization in 10 ms
2020-08-29 14:02:22.666  INFO 3876 --- [main] a.b.notificator.NotificatorApplication   : Starting NotificatorApplication on RubenMan-LAPT with PID 3876 (C:\Users\ruben.manukyan\IdeaProjects\basic\notificator\target\classes started by ruben.manukyan in C:\Users\ruben.manukyan\IdeaProjects\basic\notificator)
2020-08-29 14:02:22.671  INFO 3876 --- [main] a.b.notificator.NotificatorApplication   : No active profile set, falling back to default profiles: default
2020-08-29 14:02:24.067  INFO 3876 --- [main] .s.d.r.c.RepositoryConfigurationDelegate : Bootstrapping Spring Data JPA repositories in DEFERRED mode.
2020-08-29 14:02:24.199  INFO 3876 --- [main] .s.d.r.c.RepositoryConfigurationDelegate : Finished Spring Data repository scanning in 119ms. Found 3 JPA repository interfaces.
2020-08-29 14:02:24.756  INFO 3876 --- [main] trationDelegate$BeanPostProcessorChecker : Bean 'org.springframework.security.access.expression.method.DefaultMethodSecurityExpressionHandler@4a60ee36' of type [org.springframework.security.access.expression.method.DefaultMethodSecurityExpressionHandler] is not eligible for getting processed by all BeanPostProcessors (for example: not eligible for auto-proxying)
2020-08-29 14:02:24.773  INFO 3876 --- [main] trationDelegate$BeanPostProcessorChecker : Bean 'methodSecurityMetadataSource' of type [org.springframework.security.access.method.DelegatingMethodSecurityMetadataSource] is not eligible for getting processed by all BeanPostProcessors (for example: not eligible for auto-proxying)
2020-08-29 14:02:25.224  INFO 3876 --- [main] o.s.b.w.embedded.tomcat.TomcatWebServer  : Tomcat initialized with port(s): 8080 (http)
2020-08-29 14:02:25.244  INFO 3876 --- [main] o.apache.catalina.core.StandardService   : Starting service [Tomcat]
2020-08-29 14:02:25.244  INFO 3876 --- [main] org.apache.catalina.core.StandardEngine  : Starting Servlet engine: [Apache Tomcat/9.0.37]
2020-08-29 14:02:25.443  INFO 3876 --- [main] o.a.c.c.C.[Tomcat].[localhost].[/]       : Initializing Spring embedded WebApplicationContext
2020-08-29 14:02:25.444  INFO 3876 --- [main] w.s.c.ServletWebServerApplicationContext : Root WebApplicationContext: initialization completed in 2685 ms
2020-08-29 14:02:25.717  INFO 3876 --- [main] o.s.s.c.ThreadPoolTaskScheduler          : Initializing ExecutorService 'taskScheduler'
2020-08-29 14:02:25.804  INFO 3876 --- [scheduling-1] o.hibernate.jpa.internal.util.LogHelper  : HHH000204: Processing PersistenceUnitInfo [name: default]
2020-08-29 14:02:25.845  WARN 3876 --- [main] JpaBaseConfiguration$JpaWebConfiguration : spring.jpa.open-in-view is enabled by default. Therefore, database queries may be performed during view rendering. Explicitly configure spring.jpa.open-in-view to disable this warning
2020-08-29 14:02:25.871  INFO 3876 --- [scheduling-1] org.hibernate.Version                    : HHH000412: Hibernate ORM core version 5.4.20.Final
2020-08-29 14:02:26.077  INFO 3876 --- [scheduling-1] o.hibernate.annotations.common.Version   : HCANN000001: Hibernate Commons Annotations {5.1.0.Final}
2020-08-29 14:02:26.386  INFO 3876 --- [scheduling-1] com.zaxxer.hikari.HikariDataSource       : HikariPool-1 - Starting...
2020-08-29 14:02:26.571  INFO 3876 --- [scheduling-1] com.zaxxer.hikari.HikariDataSource       : HikariPool-1 - Start completed.
2020-08-29 14:02:26.593  INFO 3876 --- [scheduling-1] org.hibernate.dialect.Dialect            : HHH000400: Using dialect: org.hibernate.dialect.MySQL57Dialect
2020-08-29 14:02:26.683  INFO 3876 --- [main] o.s.s.web.DefaultSecurityFilterChain     : Creating filter chain: Ant [pattern='/api/**'], [org.springframework.security.web.context.request.async.WebAsyncManagerIntegrationFilter@7ceb4478, org.springframework.security.web.context.SecurityContextPersistenceFilter@46c269e0, org.springframework.security.web.header.HeaderWriterFilter@66273da0, org.springframework.security.web.authentication.logout.LogoutFilter@2849434b, org.springframework.security.oauth2.provider.authentication.OAuth2AuthenticationProcessingFilter@80bfdc6, org.springframework.security.web.savedrequest.RequestCacheAwareFilter@6069dd38, org.springframework.security.web.servletapi.SecurityContextHolderAwareRequestFilter@26dc9bd5, org.springframework.security.web.authentication.AnonymousAuthenticationFilter@7fdab70c, org.springframework.security.web.session.SessionManagementFilter@262816a8, org.springframework.security.web.access.ExceptionTranslationFilter@38d17d80, org.springframework.security.web.access.intercept.FilterSecurityInterceptor@4f0f7849]
2020-08-29 14:02:26.707  INFO 3876 --- [main] o.s.s.web.DefaultSecurityFilterChain     : Creating filter chain: Ant [pattern='/interconnect/**'], [org.springframework.security.web.context.request.async.WebAsyncManagerIntegrationFilter@15639440, org.springframework.security.web.context.SecurityContextPersistenceFilter@65e21ce3, org.springframework.security.web.header.HeaderWriterFilter@7fe82967, org.springframework.security.web.authentication.logout.LogoutFilter@c3edf4c, org.springframework.security.web.authentication.www.BasicAuthenticationFilter@77b919a3, org.springframework.security.web.savedrequest.RequestCacheAwareFilter@6c3659be, org.springframework.security.web.servletapi.SecurityContextHolderAwareRequestFilter@522bf64e, org.springframework.security.web.authentication.AnonymousAuthenticationFilter@121bb45b, org.springframework.security.web.session.SessionManagementFilter@50850539, org.springframework.security.web.access.ExceptionTranslationFilter@7cbeac65, org.springframework.security.web.access.intercept.FilterSecurityInterceptor@32e54a9d]
2020-08-29 14:02:26.727  INFO 3876 --- [main] o.s.s.concurrent.ThreadPoolTaskExecutor  : Initializing ExecutorService 'notificationSenderExecutors'
2020-08-29 14:02:26.736  INFO 3876 --- [main] o.s.s.concurrent.ThreadPoolTaskExecutor  : Initializing ExecutorService 'scheduleExecutor'
2020-08-29 14:02:27.437  INFO 3876 --- [main] o.s.b.w.embedded.tomcat.TomcatWebServer  : Tomcat started on port(s): 8080 (http) with context path ''
2020-08-29 14:02:27.441  INFO 3876 --- [main] DeferredRepositoryInitializationListener : Triggering deferred initialization of Spring Data repositories…
2020-08-29 14:02:28.034  INFO 3876 --- [scheduling-1] o.h.e.t.j.p.i.JtaPlatformInitiator       : HHH000490: Using JtaPlatform implementation: [org.hibernate.engine.transaction.jta.platform.internal.NoJtaPlatform]
2020-08-29 14:02:28.045  INFO 3876 --- [scheduling-1] j.LocalContainerEntityManagerFactoryBean : Initialized JPA EntityManagerFactory for persistence unit 'default'
2020-08-29 14:02:28.669  INFO 3876 --- [main] DeferredRepositoryInitializationListener : Spring Data repositories initialized!
2020-08-29 14:02:28.686  INFO 3876 --- [main] a.b.notificator.NotificatorApplication   : Started NotificatorApplication in 6.709 seconds (JVM running for 8.338)
2020-08-29 14:04:09.783  INFO 7348 --- [main] a.b.notificator.NotificatorApplication   : Starting NotificatorApplication on RubenMan-LAPT with PID 7348 (C:\Users\ruben.manukyan\IdeaProjects\basic\notificator\target\classes started by ruben.manukyan in C:\Users\ruben.manukyan\IdeaProjects\basic\notificator)
2020-08-29 14:04:09.790  INFO 7348 --- [main] a.b.notificator.NotificatorApplication   : No active profile set, falling back to default profiles: default
2020-08-29 14:04:11.076  INFO 7348 --- [main] .s.d.r.c.RepositoryConfigurationDelegate : Bootstrapping Spring Data JPA repositories in DEFERRED mode.
2020-08-29 14:04:11.221  INFO 7348 --- [main] .s.d.r.c.RepositoryConfigurationDelegate : Finished Spring Data repository scanning in 132ms. Found 3 JPA repository interfaces.
2020-08-29 14:04:11.719  INFO 7348 --- [main] trationDelegate$BeanPostProcessorChecker : Bean 'org.springframework.security.access.expression.method.DefaultMethodSecurityExpressionHandler@6622a690' of type [org.springframework.security.access.expression.method.DefaultMethodSecurityExpressionHandler] is not eligible for getting processed by all BeanPostProcessors (for example: not eligible for auto-proxying)
2020-08-29 14:04:11.733  INFO 7348 --- [main] trationDelegate$BeanPostProcessorChecker : Bean 'methodSecurityMetadataSource' of type [org.springframework.security.access.method.DelegatingMethodSecurityMetadataSource] is not eligible for getting processed by all BeanPostProcessors (for example: not eligible for auto-proxying)
2020-08-29 14:04:12.164  INFO 7348 --- [main] o.s.b.w.embedded.tomcat.TomcatWebServer  : Tomcat initialized with port(s): 8080 (http)
2020-08-29 14:04:12.181  INFO 7348 --- [main] o.apache.catalina.core.StandardService   : Starting service [Tomcat]
2020-08-29 14:04:12.182  INFO 7348 --- [main] org.apache.catalina.core.StandardEngine  : Starting Servlet engine: [Apache Tomcat/9.0.37]
2020-08-29 14:04:12.442  INFO 7348 --- [main] o.a.c.c.C.[Tomcat].[localhost].[/]       : Initializing Spring embedded WebApplicationContext
2020-08-29 14:04:12.443  INFO 7348 --- [main] w.s.c.ServletWebServerApplicationContext : Root WebApplicationContext: initialization completed in 2568 ms
2020-08-29 14:04:12.737  INFO 7348 --- [main] o.s.s.c.ThreadPoolTaskScheduler          : Initializing ExecutorService 'taskScheduler'
2020-08-29 14:04:12.821  INFO 7348 --- [scheduling-1] o.hibernate.jpa.internal.util.LogHelper  : HHH000204: Processing PersistenceUnitInfo [name: default]
2020-08-29 14:04:12.863  WARN 7348 --- [main] JpaBaseConfiguration$JpaWebConfiguration : spring.jpa.open-in-view is enabled by default. Therefore, database queries may be performed during view rendering. Explicitly configure spring.jpa.open-in-view to disable this warning
2020-08-29 14:04:12.886  INFO 7348 --- [scheduling-1] org.hibernate.Version                    : HHH000412: Hibernate ORM core version 5.4.20.Final
2020-08-29 14:04:13.092  INFO 7348 --- [scheduling-1] o.hibernate.annotations.common.Version   : HCANN000001: Hibernate Commons Annotations {5.1.0.Final}
2020-08-29 14:04:13.366  INFO 7348 --- [scheduling-1] com.zaxxer.hikari.HikariDataSource       : HikariPool-1 - Starting...
2020-08-29 14:04:13.562  INFO 7348 --- [scheduling-1] com.zaxxer.hikari.HikariDataSource       : HikariPool-1 - Start completed.
2020-08-29 14:04:13.582  INFO 7348 --- [scheduling-1] org.hibernate.dialect.Dialect            : HHH000400: Using dialect: org.hibernate.dialect.MySQL57Dialect
2020-08-29 14:04:13.670  INFO 7348 --- [main] o.s.s.web.DefaultSecurityFilterChain     : Creating filter chain: Ant [pattern='/api/**'], [org.springframework.security.web.context.request.async.WebAsyncManagerIntegrationFilter@6f94a5a5, org.springframework.security.web.context.SecurityContextPersistenceFilter@558756be, org.springframework.security.web.header.HeaderWriterFilter@51c959a4, org.springframework.security.web.authentication.logout.LogoutFilter@476fe690, org.springframework.security.oauth2.provider.authentication.OAuth2AuthenticationProcessingFilter@6981f8f3, org.springframework.security.web.savedrequest.RequestCacheAwareFilter@6d1dcdff, org.springframework.security.web.servletapi.SecurityContextHolderAwareRequestFilter@6403e24c, org.springframework.security.web.authentication.AnonymousAuthenticationFilter@455c1d8c, org.springframework.security.web.session.SessionManagementFilter@6069dd38, org.springframework.security.web.access.ExceptionTranslationFilter@1229a2b7, org.springframework.security.web.access.intercept.FilterSecurityInterceptor@4d41ba0f]
2020-08-29 14:04:13.698  INFO 7348 --- [main] o.s.s.web.DefaultSecurityFilterChain     : Creating filter chain: Ant [pattern='/interconnect/**'], [org.springframework.security.web.context.request.async.WebAsyncManagerIntegrationFilter@151bf776, org.springframework.security.web.context.SecurityContextPersistenceFilter@5f0f9947, org.springframework.security.web.header.HeaderWriterFilter@522bf64e, org.springframework.security.web.authentication.logout.LogoutFilter@54d8c20d, org.springframework.security.web.authentication.www.BasicAuthenticationFilter@726aa968, org.springframework.security.web.savedrequest.RequestCacheAwareFilter@1aad0b1, org.springframework.security.web.servletapi.SecurityContextHolderAwareRequestFilter@c3edf4c, org.springframework.security.web.authentication.AnonymousAuthenticationFilter@5a6d30e2, org.springframework.security.web.session.SessionManagementFilter@2aff9dff, org.springframework.security.web.access.ExceptionTranslationFilter@6c3659be, org.springframework.security.web.access.intercept.FilterSecurityInterceptor@1cd3b138]
2020-08-29 14:04:13.720  INFO 7348 --- [main] o.s.s.concurrent.ThreadPoolTaskExecutor  : Initializing ExecutorService 'notificationSenderExecutors'
2020-08-29 14:04:13.728  INFO 7348 --- [main] o.s.s.concurrent.ThreadPoolTaskExecutor  : Initializing ExecutorService 'scheduleExecutor'
2020-08-29 14:04:14.420  INFO 7348 --- [main] o.s.b.w.embedded.tomcat.TomcatWebServer  : Tomcat started on port(s): 8080 (http) with context path ''
2020-08-29 14:04:14.424  INFO 7348 --- [main] DeferredRepositoryInitializationListener : Triggering deferred initialization of Spring Data repositories…
2020-08-29 14:04:14.996  INFO 7348 --- [scheduling-1] o.h.e.t.j.p.i.JtaPlatformInitiator       : HHH000490: Using JtaPlatform implementation: [org.hibernate.engine.transaction.jta.platform.internal.NoJtaPlatform]
2020-08-29 14:04:15.017  INFO 7348 --- [scheduling-1] j.LocalContainerEntityManagerFactoryBean : Initialized JPA EntityManagerFactory for persistence unit 'default'
2020-08-29 14:04:15.653  INFO 7348 --- [main] DeferredRepositoryInitializationListener : Spring Data repositories initialized!
2020-08-29 14:04:15.673  INFO 7348 --- [main] a.b.notificator.NotificatorApplication   : Started NotificatorApplication in 6.625 seconds (JVM running for 8.591)
2020-08-29 14:05:07.690  INFO 7348 --- [http-nio-8080-exec-2] o.a.c.c.C.[Tomcat].[localhost].[/]       : Initializing Spring DispatcherServlet 'dispatcherServlet'
2020-08-29 14:05:07.691  INFO 7348 --- [http-nio-8080-exec-2] o.s.web.servlet.DispatcherServlet        : Initializing Servlet 'dispatcherServlet'
2020-08-29 14:05:07.703  INFO 7348 --- [http-nio-8080-exec-2] o.s.web.servlet.DispatcherServlet        : Completed initialization in 12 ms
2020-08-29 14:06:06.520 ERROR 7348 --- [scheduleExecutor-1] .a.i.SimpleAsyncUncaughtExceptionHandler : Unexpected exception occurred invoking async method: public void am.basic.notificator.util.MailSenderClient.sendSimpleMessage(java.lang.String,java.lang.String,java.lang.String)

org.springframework.mail.MailSendException: Failed messages: com.sun.mail.smtp.SMTPSendFailedException: 530 5.7.0 Must issue a STARTTLS command first. p14sm3057668wrg.96 - gsmtp

	at org.springframework.mail.javamail.JavaMailSenderImpl.doSend(JavaMailSenderImpl.java:491) ~[spring-context-support-5.2.8.RELEASE.jar:5.2.8.RELEASE]
	at org.springframework.mail.javamail.JavaMailSenderImpl.send(JavaMailSenderImpl.java:323) ~[spring-context-support-5.2.8.RELEASE.jar:5.2.8.RELEASE]
	at org.springframework.mail.javamail.JavaMailSenderImpl.send(JavaMailSenderImpl.java:312) ~[spring-context-support-5.2.8.RELEASE.jar:5.2.8.RELEASE]
	at am.basic.notificator.util.MailSenderClient.sendSimpleMessage(MailSenderClient.java:32) ~[classes/:na]
	at am.basic.notificator.util.MailSenderClient$$FastClassBySpringCGLIB$$8db2bdf3.invoke(<generated>) ~[classes/:na]
	at org.springframework.cglib.proxy.MethodProxy.invoke(MethodProxy.java:218) ~[spring-core-5.2.8.RELEASE.jar:5.2.8.RELEASE]
	at org.springframework.aop.framework.CglibAopProxy$CglibMethodInvocation.invokeJoinpoint(CglibAopProxy.java:771) ~[spring-aop-5.2.8.RELEASE.jar:5.2.8.RELEASE]
	at org.springframework.aop.framework.ReflectiveMethodInvocation.proceed(ReflectiveMethodInvocation.java:163) ~[spring-aop-5.2.8.RELEASE.jar:5.2.8.RELEASE]
	at org.springframework.aop.framework.CglibAopProxy$CglibMethodInvocation.proceed(CglibAopProxy.java:749) ~[spring-aop-5.2.8.RELEASE.jar:5.2.8.RELEASE]
	at org.springframework.aop.interceptor.AsyncExecutionInterceptor.lambda$invoke$0(AsyncExecutionInterceptor.java:115) ~[spring-aop-5.2.8.RELEASE.jar:5.2.8.RELEASE]
	at java.util.concurrent.FutureTask.run(FutureTask.java:266) ~[na:1.8.0_231]
	at java.util.concurrent.ThreadPoolExecutor.runWorker(ThreadPoolExecutor.java:1149) ~[na:1.8.0_231]
	at java.util.concurrent.ThreadPoolExecutor$Worker.run(ThreadPoolExecutor.java:624) ~[na:1.8.0_231]
	at java.lang.Thread.run(Thread.java:748) ~[na:1.8.0_231]

